[2026-04-28T18:16:10.140646+00:00] pawmap-app.ERROR: Internal Server Error {"Error":"[object] (PDOException(code: 7): SQLSTATE[08006] [7] invalid connection option \"charset\" at /Users/collazo/PAW/PawMap/TpIntegrador-PAW2026/Entrega3/src/Core/Database/ConnectionBuilder.php:22)"} []
[2026-04-28T18:17:08.916527+00:00] pawmap-app.ERROR: Internal Server Error {"Error":"[object] (PDOException(code: 7): SQLSTATE[08006] [7] invalid connection option \"charset\" at /Users/collazo/PAW/PawMap/TpIntegrador-PAW2026/Entrega3/src/Core/Database/ConnectionBuilder.php:22)"} []
[2026-04-28T18:17:12.355703+00:00] pawmap-app.ERROR: Internal Server Error {"Error":"[object] (PDOException(code: 7): SQLSTATE[08006] [7] invalid connection option \"charset\" at /Users/collazo/PAW/PawMap/TpIntegrador-PAW2026/Entrega3/src/Core/Database/ConnectionBuilder.php:22)"} []
[2026-04-28T18:24:25.252175+00:00] pawmap-app.ERROR: Internal Server Error {"Error":"[object] (PDOException(code: 7): SQLSTATE[08006] [7] invalid connection option \"charset\" at /Users/collazo/PAW/PawMap/TpIntegrador-PAW2026/Entrega3/src/Core/Database/ConnectionBuilder.php:22)"} []
[2026-04-28T18:24:37.642688+00:00] pawmap-app.ERROR: Internal Server Error {"Error":"[object] (PDOException(code: 7): SQLSTATE[08006] [7] invalid connection option \"charset\" at /Users/collazo/PAW/PawMap/TpIntegrador-PAW2026/Entrega3/src/Core/Database/ConnectionBuilder.php:22)"} []
[2026-04-28T18:33:50.121756+00:00] pawmap-app.ERROR: Internal Server Error {"Error":"[object] (PDOException(code: 7): SQLSTATE[08006] [7] invalid connection option \"charset\" at /Users/collazo/PAW/PawMap/TpIntegrador-PAW2026/Entrega3/src/Core/Database/ConnectionBuilder.php:22)"} []
[2026-04-28T18:34:55.773964+00:00] pawmap-app.ERROR: Internal Server Error {"Error":"[object] (PDOException(code: 7): SQLSTATE[08006] [7] invalid connection option \"charset\" at /Users/collazo/PAW/PawMap/TpIntegrador-PAW2026/Entrega3/src/Core/Database/ConnectionBuilder.php:22)"} []
[2026-04-28T18:39:46.377093+00:00] pawmap-app.ERROR: Internal Server Error {"Error":"[object] (PDOException(code: 7): SQLSTATE[08006] [7] invalid connection option \"charset\" at /Users/collazo/PAW/PawMap/TpIntegrador-PAW2026/Entrega3/src/Core/Database/ConnectionBuilder.php:22)"} []
[2026-04-28T18:39:51.437900+00:00] pawmap-app.ERROR: Internal Server Error {"Error":"[object] (PDOException(code: 7): SQLSTATE[08006] [7] invalid connection option \"charset\" at /Users/collazo/PAW/PawMap/TpIntegrador-PAW2026/Entrega3/src/Core/Database/ConnectionBuilder.php:22)"} []
[2026-04-28T18:49:33.595880+00:00] pawmap-app.ERROR: Internal Server Error {"Error":"[object] (PDOException(code: 7): SQLSTATE[08006] [7] invalid connection option \"charset\" at /Users/collazo/PAW/PawMap/TpIntegrador-PAW2026/Entrega3/src/Core/Database/ConnectionBuilder.php:22)"} []
[2026-04-28T19:35:02.137107+00:00] pawmap-app.ERROR: Internal Server Error {"Error":"[object] (PDOException(code: 7): SQLSTATE[08006] [7] connection to server at \"localhost\" (::1), port 5432 failed: Operation not permitted\n\tIs the server running on that host and accepting TCP/IP connections?\nconnection to server at \"localhost\" (127.0.0.1), port 5432 failed: Operation not permitted\n\tIs the server running on that host and accepting TCP/IP connections? at /Users/collazo/PAW/PawMap/TpIntegrador-PAW2026/Entrega3/src/Core/Database/ConnectionBuilder.php:28)"} []
[2026-04-28T19:39:26.665383+00:00] pawmap-app.ERROR: Internal Server Error {"Error":"[object] (PDOException(code: 7): SQLSTATE[08006] [7] connection to server at \"localhost\" (::1), port 5432 failed: Operation not permitted\n\tIs the server running on that host and accepting TCP/IP connections?\nconnection to server at \"localhost\" (127.0.0.1), port 5432 failed: Operation not permitted\n\tIs the server running on that host and accepting TCP/IP connections? at /Users/collazo/PAW/PawMap/TpIntegrador-PAW2026/Entrega3/src/Core/Database/ConnectionBuilder.php:28)"} []
[2026-04-28T19:39:26.667031+00:00] pawmap-app.WARNING: Database connection unavailable during bootstrap {"ERROR":"[object] (PDOException(code: 7): SQLSTATE[08006] [7] connection to server at \"localhost\" (::1), port 5432 failed: Operation not permitted\n\tIs the server running on that host and accepting TCP/IP connections?\nconnection to server at \"localhost\" (127.0.0.1), port 5432 failed: Operation not permitted\n\tIs the server running on that host and accepting TCP/IP connections? at /Users/collazo/PAW/PawMap/TpIntegrador-PAW2026/Entrega3/src/Core/Database/ConnectionBuilder.php:28)"} []
[2026-04-28T19:39:26.667391+00:00] pawmap-app.INFO: Status Code: 200 {"path":"/","method":"GET"} []
[2026-04-28T19:39:35.889641+00:00] pawmap-app.ERROR: Internal Server Error {"Error":"[object] (PDOException(code: 7): SQLSTATE[08006] [7] connection to server at \"localhost\" (::1), port 5432 failed: Operation not permitted\n\tIs the server running on that host and accepting TCP/IP connections?\nconnection to server at \"localhost\" (127.0.0.1), port 5432 failed: Operation not permitted\n\tIs the server running on that host and accepting TCP/IP connections? at /Users/collazo/PAW/PawMap/TpIntegrador-PAW2026/Entrega3/src/Core/Database/ConnectionBuilder.php:28)"} []
[2026-04-28T19:39:35.891175+00:00] pawmap-app.WARNING: Database connection unavailable during bootstrap {"ERROR":"[object] (PDOException(code: 7): SQLSTATE[08006] [7] connection to server at \"localhost\" (::1), port 5432 failed: Operation not permitted\n\tIs the server running on that host and accepting TCP/IP connections?\nconnection to server at \"localhost\" (127.0.0.1), port 5432 failed: Operation not permitted\n\tIs the server running on that host and accepting TCP/IP connections? at /Users/collazo/PAW/PawMap/TpIntegrador-PAW2026/Entrega3/src/Core/Database/ConnectionBuilder.php:28)"} []
[2026-04-28T19:39:35.891528+00:00] pawmap-app.INFO: Status Code: 200 {"path":"/","method":"GET"} []
[2026-04-28T20:14:19.741172+00:00] pawmap-app.INFO: Status Code: 200 {"path":"/","method":"GET"} []
[2026-04-28T20:23:15.096527+00:00] pawmap-app.ERROR: Internal Server Error {"Error":"[object] (PDOException(code: 7): SQLSTATE[08006] [7] invalid connection option \"charset\" at /Users/collazo/PAW/PawMap/TpIntegrador-PAW2026/Entrega3/src/Core/Database/ConnectionBuilder.php:22)"} []
[2026-04-28T20:23:26.646901+00:00] pawmap-app.ERROR: Internal Server Error {"Error":"[object] (PDOException(code: 7): SQLSTATE[08006] [7] invalid connection option \"charset\" at /Users/collazo/PAW/PawMap/TpIntegrador-PAW2026/Entrega3/src/Core/Database/ConnectionBuilder.php:22)"} []
[2026-04-28T20:24:27.925561+00:00] pawmap-app.INFO: Status Code: 200 {"path":"/","method":"GET"} []
[2026-04-28T21:11:23.927349+00:00] pawmap-app.INFO: Status Code: 200 {"path":"/","method":"GET"} []
[2026-04-28T21:11:36.899063+00:00] pawmap-app.INFO: Status Code: 200 {"path":"/","method":"GET"} []
[2026-04-28T21:11:36.901357+00:00] pawmap-app.ERROR: Status Code: 500 {"ERROR":"[object] (Whoops\\Exception\\ErrorException(code: 2): require(/Users/collazo/PAW/PawMap/TpIntegrador-PAW2026/Entrega3/src/App/Views/barra-navegacion.view.php): Failed to open stream: No such file or directory at /Users/collazo/PAW/PawMap/TpIntegrador-PAW2026/Entrega3/src/App/Views/index.view.php:14)"} []
[2026-04-28T21:12:31.554761+00:00] pawmap-app.INFO: Status Code: 200 {"path":"/","method":"GET"} []
[2026-04-28T21:12:31.555875+00:00] pawmap-app.ERROR: Status Code: 500 {"ERROR":"[object] (Whoops\\Exception\\ErrorException(code: 2): require(/Users/collazo/PAW/PawMap/TpIntegrador-PAW2026/Entrega3/src/App/Views/barra-navegacion.view.php): Failed to open stream: No such file or directory at /Users/collazo/PAW/PawMap/TpIntegrador-PAW2026/Entrega3/src/App/Views/index.view.php:14)"} []
[2026-04-28T21:14:08.178606+00:00] pawmap-app.INFO: Status Code: 200 {"path":"/","method":"GET"} []
[2026-04-28T21:14:08.179307+00:00] pawmap-app.ERROR: Status Code: 500 {"ERROR":"[object] (Whoops\\Exception\\ErrorException(code: 2): require(/Users/collazo/PAW/PawMap/TpIntegrador-PAW2026/Entrega3/src/App/Views/barra-navegacion.view.php): Failed to open stream: No such file or directory at /Users/collazo/PAW/PawMap/TpIntegrador-PAW2026/Entrega3/src/App/Views/index.view.php:14)"} []
[2026-04-28T21:15:39.941383+00:00] pawmap-app.INFO: Status Code: 200 {"path":"/","method":"GET"} []
[2026-04-28T21:15:39.943169+00:00] pawmap-app.ERROR: Status Code: 500 {"ERROR":"[object] (Whoops\\Exception\\ErrorException(code: 2): require(/Users/collazo/PAW/PawMap/TpIntegrador-PAW2026/Entrega3/src/App/Views/barra-navegacion.view.php): Failed to open stream: No such file or directory at /Users/collazo/PAW/PawMap/TpIntegrador-PAW2026/Entrega3/src/App/Views/index.view.php:14)"} []
[2026-04-28T21:17:49.790473+00:00] pawmap-app.INFO: Status Code: 200 {"path":"/","method":"GET"} []
[2026-04-28T21:21:14.428772+00:00] pawmap-app.INFO: Status Code: 200 {"path":"/","method":"GET"} []
[2026-04-28T21:25:19.743472+00:00] pawmap-app.INFO: Status Code: 200 {"path":"/","method":"GET"} []
[2026-04-28T21:25:45.920278+00:00] pawmap-app.INFO: Status Code: 200 {"path":"/","method":"GET"} []
[2026-04-28T21:26:27.017241+00:00] pawmap-app.INFO: Status Code: 200 {"path":"/","method":"GET"} []
[2026-04-28T21:27:21.701680+00:00] pawmap-app.INFO: Status Code: 200 {"path":"/","method":"GET"} []
[2026-04-28T21:29:43.223721+00:00] pawmap-app.INFO: Status Code: 200 {"path":"/","method":"GET"} []
[2026-04-28T21:32:02.969929+00:00] pawmap-app.INFO: Status Code: 200 {"path":"/","method":"GET"} []
[2026-04-28T21:32:41.808453+00:00] pawmap-app.INFO: Status Code: 200 {"path":"/","method":"GET"} []
[2026-04-28T21:33:04.298048+00:00] pawmap-app.INFO: Status Code: 200 {"path":"/","method":"GET"} []
[2026-04-28T21:33:16.659041+00:00] pawmap-app.INFO: Status Code: 200 {"path":"/","method":"GET"} []
[2026-04-28T21:33:35.521625+00:00] pawmap-app.INFO: Status Code: 200 {"path":"/","method":"GET"} []
[2026-04-28T21:37:55.926693+00:00] pawmap-app.INFO: Status Code: 200 {"path":"/","method":"GET"} []
[2026-04-28T21:39:01.152124+00:00] pawmap-app.INFO: Status Code: 200 {"path":"/","method":"GET"} []
[2026-04-28T21:48:37.326741+00:00] pawmap-app.INFO: Status Code: 200 {"path":"/","method":"GET"} []
[2026-04-28T21:57:39.489269+00:00] pawmap-app.INFO: Status Code: 200 {"path":"/","method":"GET"} []
[2026-04-28T22:11:27.140798+00:00] pawmap-app.INFO: Status Code: 200 {"path":"/","method":"GET"} []
[2026-04-29T01:15:49.024209+00:00] pawmap-app.INFO: Status Code: 200 {"path":"/","method":"GET"} []
[2026-04-29T01:18:06.867564+00:00] pawmap-app.INFO: Status Code: 200 {"path":"/","method":"GET"} []
[2026-04-29T03:01:09.023164+00:00] pawmap-app.INFO: Status Code: 200 {"path":"/","method":"GET"} []
[2026-04-29T04:02:13.807288+00:00] pawmap-app.INFO: Status Code: 200 {"path":"/","method":"GET"} []
[2026-04-29T04:12:49.943209+00:00] pawmap-app.INFO: Status Code: 200 {"path":"/","method":"GET"} []
